\BOOKMARK [1][-]{section.1}{Contexte}{}% 1
\BOOKMARK [2][-]{subsection.1.1}{Le client}{section.1}% 2
\BOOKMARK [2][-]{subsection.1.2}{Description du besoin}{section.1}% 3
\BOOKMARK [2][-]{subsection.1.3}{Le sujet}{section.1}% 4
\BOOKMARK [3][-]{subsubsection.1.3.1}{Le probl\350me de Bin-Packing}{subsection.1.3}% 5
\BOOKMARK [1][-]{section.2}{M\351thodologie et outils de programmation}{}% 6
\BOOKMARK [2][-]{subsection.2.1}{M\351thode Kanban}{section.2}% 7
\BOOKMARK [2][-]{subsection.2.2}{La m\351thode dans les faits}{section.2}% 8
\BOOKMARK [2][-]{subsection.2.3}{Outils}{section.2}% 9
\BOOKMARK [2][-]{subsection.2.4}{Le format SVG}{section.2}% 10
\BOOKMARK [1][-]{section.3}{Architecture}{}% 11
\BOOKMARK [2][-]{subsection.3.1}{Fonctionnement g\351n\351ral}{section.3}% 12
\BOOKMARK [2][-]{subsection.3.2}{Repr\351sentation interne \(Shape\)}{section.3}% 13
\BOOKMARK [2][-]{subsection.3.3}{Pr\351paration des pi\350ces}{section.3}% 14
\BOOKMARK [2][-]{subsection.3.4}{Choix concernant la sortie}{section.3}% 15
\BOOKMARK [2][-]{subsection.3.5}{Fonctionnement interne des modules}{section.3}% 16
\BOOKMARK [3][-]{subsubsection.3.5.1}{Plug-In}{subsection.3.5}% 17
\BOOKMARK [3][-]{subsubsection.3.5.2}{Parser et SVG++}{subsection.3.5}% 18
\BOOKMARK [3][-]{subsubsection.3.5.3}{Algorithmes de packing}{subsection.3.5}% 19
\BOOKMARK [3][-]{subsubsection.3.5.4}{Outer}{subsection.3.5}% 20
\BOOKMARK [2][-]{subsection.3.6}{Langage de script}{section.3}% 21
\BOOKMARK [1][-]{section.4}{Algorithmes}{}% 22
\BOOKMARK [2][-]{subsection.4.1}{Transformers}{section.4}% 23
\BOOKMARK [3][-]{subsubsection.4.1.1}{Simple Transformer}{subsection.4.1}% 24
\BOOKMARK [3][-]{subsubsection.4.1.2}{Hole Transformer}{subsection.4.1}% 25
\BOOKMARK [2][-]{subsection.4.2}{Solvers}{section.4}% 26
\BOOKMARK [3][-]{subsubsection.4.2.1}{Algorithmes par bounding box}{subsection.4.2}% 27
\BOOKMARK [3][-]{subsubsection.4.2.2}{Algorithmes non d\351terministes}{subsection.4.2}% 28
\BOOKMARK [1][-]{section.5}{Optimisation}{}% 29
\BOOKMARK [2][-]{subsection.5.1}{Quad-Tree}{section.5}% 30
\BOOKMARK [3][-]{subsubsection.5.1.1}{Principe g\351n\351ral}{subsection.5.1}% 31
\BOOKMARK [3][-]{subsubsection.5.1.2}{Repr\351sentation}{subsection.5.1}% 32
\BOOKMARK [2][-]{subsection.5.2}{Parall\351lisme}{section.5}% 33
\BOOKMARK [3][-]{subsubsection.5.2.1}{Parall\351lisation d'un algorithme}{subsection.5.2}% 34
\BOOKMARK [3][-]{subsubsection.5.2.2}{Parall\351lisation de plusieurs algorithmes}{subsection.5.2}% 35
\BOOKMARK [2][-]{subsection.5.3}{Interpolation am\351lior\351e}{section.5}% 36
\BOOKMARK [1][-]{section.6}{Liens}{}% 37
\BOOKMARK [1][-]{section.7}{Annexe}{}% 38
